<?xml version="1.0" encoding="UTF-8"?>
<!-- Generated by org.testng.reporters.JUnitReportReporter -->
<testsuite skipped="0" hostname="ABerger-CMM01" name="com.heroku.theinternet.loginpagetests.PositiveLoginPageTest" tests="2" failures="0" timestamp="2020-10-20T05:32:04 EDT" time="8.550" errors="0">
  <testcase name="loginTest" time="5.765" classname="com.heroku.theinternet.loginpagetests.PositiveLoginPageTest"/>
  <system-out/>
  <testcase name="loginTest" time="2.785" classname="com.heroku.theinternet.loginpagetests.PositiveLoginPageTest"/>
  <system-out/>
</testsuite> <!-- com.heroku.theinternet.loginpagetests.PositiveLoginPageTest -->
