<?xml version="1.0" encoding="UTF-8"?>
<!-- Generated by org.testng.reporters.JUnitReportReporter -->
<testsuite skipped="0" hostname="LAPTOP-UC1U8QLD" name="com.heroku.theinternet.windows.MultipleWindowsPageTest" tests="2" failures="0" timestamp="2020-11-01T20:02:42 EST" time="5.125" errors="0">
  <testcase name="multipleWindowsPageTest" time="1.558" classname="com.heroku.theinternet.windows.MultipleWindowsPageTest"/>
  <system-out/>
  <testcase name="multipleWindowsPageTest" time="3.567" classname="com.heroku.theinternet.windows.MultipleWindowsPageTest"/>
  <system-out/>
</testsuite> <!-- com.heroku.theinternet.windows.MultipleWindowsPageTest -->
