<?xml version="1.0" encoding="UTF-8"?>
<!-- Generated by org.testng.reporters.JUnitReportReporter -->
<testsuite skipped="0" hostname="LAPTOP-UC1U8QLD" name="com.herokuapp.theinternet.welcomepage.WelcomePageTest" tests="2" failures="0" timestamp="2020-10-15T19:19:07 EDT" time="1.718" errors="0">
  <testcase name="welcomeTest" time="0.712" classname="com.herokuapp.theinternet.welcomepage.WelcomePageTest"/>
  <system-out/>
  <testcase name="welcomeTest" time="1.006" classname="com.herokuapp.theinternet.welcomepage.WelcomePageTest"/>
  <system-out/>
</testsuite> <!-- com.herokuapp.theinternet.welcomepage.WelcomePageTest -->
