<?xml version="1.0" encoding="UTF-8"?>
<!-- Generated by org.testng.reporters.JUnitReportReporter -->
<testsuite skipped="0" hostname="LAPTOP-UC1U8QLD" name="com.heroku.theinternet.checkboxpagetests.CheckboxesPageTest" tests="2" failures="0" timestamp="2020-11-01T09:34:05 EST" time="4.344" errors="0">
  <testcase name="selectingTwoCheckboxesTest" time="2.124" classname="com.heroku.theinternet.checkboxpagetests.CheckboxesPageTest"/>
  <system-out/>
  <testcase name="selectingTwoCheckboxesTest" time="2.220" classname="com.heroku.theinternet.checkboxpagetests.CheckboxesPageTest"/>
  <system-out/>
</testsuite> <!-- com.heroku.theinternet.checkboxpagetests.CheckboxesPageTest -->
