<?xml version="1.0" encoding="UTF-8"?>
<!-- Generated by org.testng.reporters.JUnitReportReporter -->
<testsuite skipped="0" hostname="LAPTOP-UC1U8QLD" name="com.heroku.theinternet.loginpagetests.PositiveLoginPageTest" tests="2" failures="0" timestamp="2020-10-18T13:07:34 EDT" time="3.805" errors="0">
  <testcase name="loginTest" time="1.836" classname="com.heroku.theinternet.loginpagetests.PositiveLoginPageTest"/>
  <system-out/>
  <testcase name="loginTest" time="1.969" classname="com.heroku.theinternet.loginpagetests.PositiveLoginPageTest"/>
  <system-out/>
</testsuite> <!-- com.heroku.theinternet.loginpagetests.PositiveLoginPageTest -->
