<?xml version="1.0" encoding="UTF-8"?>
<!-- Generated by org.testng.reporters.JUnitReportReporter -->
<testsuite skipped="0" hostname="LAPTOP-UC1U8QLD" name="com.heroku.theinternet.loginpagetests.NegativeLoginPageTest" tests="4" failures="0" timestamp="2020-10-18T09:54:29 EDT" time="9.601" errors="0">
  <testcase name="logInTestRun" time="2.721" classname="com.heroku.theinternet.loginpagetests.NegativeLoginPageTest"/>
  <system-out/>
  <testcase name="logInTestRun" time="2.146" classname="com.heroku.theinternet.loginpagetests.NegativeLoginPageTest"/>
  <system-out/>
  <testcase name="logInTestRun" time="2.741" classname="com.heroku.theinternet.loginpagetests.NegativeLoginPageTest"/>
  <system-out/>
  <testcase name="logInTestRun" time="1.993" classname="com.heroku.theinternet.loginpagetests.NegativeLoginPageTest"/>
  <system-out/>
</testsuite> <!-- com.heroku.theinternet.loginpagetests.NegativeLoginPageTest -->
