<?xml version="1.0" encoding="UTF-8"?>
<!-- Generated by org.testng.reporters.JUnitReportReporter -->
<testsuite skipped="0" hostname="ABerger-CMM01" name="com.heroku.theinternet.checkboxpagetests.CheckboxesPageTest" tests="2" failures="0" timestamp="2020-10-20T05:32:04 EDT" time="7.423" errors="0">
  <testcase name="selectingTwoCheckboxesTest" time="3.262" classname="com.heroku.theinternet.checkboxpagetests.CheckboxesPageTest"/>
  <system-out/>
  <testcase name="selectingTwoCheckboxesTest" time="4.161" classname="com.heroku.theinternet.checkboxpagetests.CheckboxesPageTest"/>
  <system-out/>
</testsuite> <!-- com.heroku.theinternet.checkboxpagetests.CheckboxesPageTest -->
