<?xml version="1.0" encoding="UTF-8"?>
<!-- Generated by org.testng.reporters.JUnitReportReporter -->
<testsuite skipped="0" hostname="LAPTOP-UC1U8QLD" name="com.heroku.theinternet.loginpagetests.PositiveLoginPageTest" tests="2" failures="0" timestamp="2020-11-01T09:34:05 EST" time="4.814" errors="0">
  <testcase name="loginTest" time="1.882" classname="com.heroku.theinternet.loginpagetests.PositiveLoginPageTest"/>
  <system-out/>
  <testcase name="loginTest" time="2.932" classname="com.heroku.theinternet.loginpagetests.PositiveLoginPageTest"/>
  <system-out/>
</testsuite> <!-- com.heroku.theinternet.loginpagetests.PositiveLoginPageTest -->
