<?xml version="1.0" encoding="UTF-8"?>
<!-- Generated by org.testng.reporters.JUnitReportReporter -->
<testsuite skipped="0" hostname="LAPTOP-UC1U8QLD" name="com.heroku.theinternet.checkboxpagetests.CheckboxesPageTest" tests="2" failures="0" timestamp="2020-10-18T14:00:48 EDT" time="3.564" errors="0">
  <testcase name="selectingTwoCheckboxesTest" time="2.034" classname="com.heroku.theinternet.checkboxpagetests.CheckboxesPageTest"/>
  <system-out/>
  <testcase name="selectingTwoCheckboxesTest" time="1.530" classname="com.heroku.theinternet.checkboxpagetests.CheckboxesPageTest"/>
  <system-out/>
</testsuite> <!-- com.heroku.theinternet.checkboxpagetests.CheckboxesPageTest -->
