<?xml version="1.0" encoding="UTF-8"?>
<!-- Generated by org.testng.reporters.JUnitReportReporter -->
<testsuite skipped="0" hostname="LAPTOP-UC1U8QLD" name="com.heroku.theinternet.loginpage.PositiveLoginPageTest" tests="2" failures="0" timestamp="2020-10-15T21:04:37 EDT" time="2.609" errors="0">
  <testcase name="loginTest" time="1.208" classname="com.heroku.theinternet.loginpage.PositiveLoginPageTest"/>
  <system-out/>
  <testcase name="loginTest" time="1.401" classname="com.heroku.theinternet.loginpage.PositiveLoginPageTest"/>
  <system-out/>
</testsuite> <!-- com.heroku.theinternet.loginpage.PositiveLoginPageTest -->
