<?xml version="1.0" encoding="UTF-8"?>
<!-- Generated by org.testng.reporters.JUnitReportReporter -->
<testsuite skipped="0" hostname="LAPTOP-UC1U8QLD" name="com.heroku.theinternet.alerts.AlertsPageTest" tests="2" failures="0" timestamp="2020-10-25T18:05:57 EDT" time="3.078" errors="0">
  <testcase name="testAlerts" time="1.637" classname="com.heroku.theinternet.alerts.AlertsPageTest"/>
  <system-out/>
  <testcase name="testAlerts" time="1.441" classname="com.heroku.theinternet.alerts.AlertsPageTest"/>
  <system-out/>
</testsuite> <!-- com.heroku.theinternet.alerts.AlertsPageTest -->
